0 info it worked if it ends with ok
1 verbose cli [ 'C:\\Program Files\\nodejs\\node.exe',
1 verbose cli   'C:\\Users\\rifky_h\\AppData\\Roaming\\npm\\node_modules\\npm\\bin\\npm-cli.js',
1 verbose cli   'start' ]
2 info using npm@3.8.2
3 info using node@v4.4.0
4 verbose run-script [ 'prestart', 'start', 'poststart' ]
5 info lifecycle TestExpress@0.0.0~prestart: TestExpress@0.0.0
6 silly lifecycle TestExpress@0.0.0~prestart: no script for prestart, continuing
7 info lifecycle TestExpress@0.0.0~start: TestExpress@0.0.0
8 verbose lifecycle TestExpress@0.0.0~start: unsafe-perm in lifecycle true
9 verbose lifecycle TestExpress@0.0.0~start: PATH: C:\Users\rifky_h\AppData\Roaming\npm\node_modules\npm\bin\node-gyp-bin;D:\chirp\node_modules\.bin;C:\Program Files\nodejs;C:\Program Files\Java\jdk1.7.0_67\bin;D:\Java stream\apache-maven-3.3.9\bin; ;C:\Program Files\Git\cmd;C:\Program Files\Git\mingw64\bin;C:\Program Files\Git\usr\bin;C:\Program Files (x86)\Brackets\command;C:\Program Files (x86)\Skype\Phone\;C:\Program Files\MongoDB\Server\3.2\bin;C:\Program Files\nodejs\;C:\Program Files (x86)\Heroku\bin;C:\Program Files (x86)\git\cmd;C:\Users\rifky_h\AppData\Roaming\npm;C:\Windows\System32\;C:\Windows\System32 ;C:\Program Files\Java\jdk1.7.0_67\bin;D:\Java stream\apache-maven-3.3.9\bin;C:\Program Files (x86)\nodejs\;C:\Program Files\Git\cmd;C:\Program Files\Git\mingw64\bin;C:\Program Files\Git\usr\bin;C:\Users\rifky_h\AppData\Roaming\npm
10 verbose lifecycle TestExpress@0.0.0~start: CWD: D:\chirp
11 silly lifecycle TestExpress@0.0.0~start: Args: [ '/d /s /c', 'node ./bin/www' ]
12 silly lifecycle TestExpress@0.0.0~start: Returned: code: 1  signal: null
13 info lifecycle TestExpress@0.0.0~start: Failed to exec start script
14 verbose stack Error: TestExpress@0.0.0 start: `node ./bin/www`
14 verbose stack Exit status 1
14 verbose stack     at EventEmitter.<anonymous> (C:\Users\rifky_h\AppData\Roaming\npm\node_modules\npm\lib\utils\lifecycle.js:239:16)
14 verbose stack     at emitTwo (events.js:87:13)
14 verbose stack     at EventEmitter.emit (events.js:172:7)
14 verbose stack     at ChildProcess.<anonymous> (C:\Users\rifky_h\AppData\Roaming\npm\node_modules\npm\lib\utils\spawn.js:24:14)
14 verbose stack     at emitTwo (events.js:87:13)
14 verbose stack     at ChildProcess.emit (events.js:172:7)
14 verbose stack     at maybeClose (internal/child_process.js:827:16)
14 verbose stack     at Process.ChildProcess._handle.onexit (internal/child_process.js:211:5)
15 verbose pkgid TestExpress@0.0.0
16 verbose cwd D:\chirp
17 error Windows_NT 6.1.7601
18 error argv "C:\\Program Files\\nodejs\\node.exe" "C:\\Users\\rifky_h\\AppData\\Roaming\\npm\\node_modules\\npm\\bin\\npm-cli.js" "start"
19 error node v4.4.0
20 error npm  v3.8.2
21 error code ELIFECYCLE
22 error TestExpress@0.0.0 start: `node ./bin/www`
22 error Exit status 1
23 error Failed at the TestExpress@0.0.0 start script 'node ./bin/www'.
23 error Make sure you have the latest version of node.js and npm installed.
23 error If you do, this is most likely a problem with the TestExpress package,
23 error not with npm itself.
23 error Tell the author that this fails on your system:
23 error     node ./bin/www
23 error You can get information on how to open an issue for this project with:
23 error     npm bugs TestExpress
23 error Or if that isn't available, you can get their info via:
23 error     npm owner ls TestExpress
23 error There is likely additional logging output above.
24 verbose exit [ 1, true ]
